<?xml version="1.0" encoding="UTF-8"?>
<testsuite xmlns:xsi="http://www.w3.org/2001/XMLSchema-instance" xsi:noNamespaceSchemaLocation="https://maven.apache.org/surefire/maven-surefire-plugin/xsd/surefire-test-report-3.0.xsd" version="3.0" name="com.balajimart.service.AuthServiceTest" time="3.618" tests="5" errors="0" skipped="0" failures="0">
  <properties>
[...]
</properties>
  <testcase name="testRegisterUserDuplicateEmail" classname="com.balajimart.service.AuthServiceTest" time="0.532"/>
  <testcase name="testRegisterUserPasswordMismatch" classname="com.balajimart.service.AuthServiceTest" time="0.005"/>
  <testcase name="testLoginUserSuccess" classname="com.balajimart.service.AuthServiceTest" time="0.975"/>
  <testcase name="testRegisterUserSuccess" classname="com.balajimart.service.AuthServiceTest" time="0.976"/>
  <testcase name="testLoginUserWrongPassword" classname="com.balajimart.service.AuthServiceTest" time="1.077"/>
</testsuite>